<?xml version="1.0" encoding="UTF-8"?>
<testsuite xmlns:xsi="http://www.w3.org/2001/XMLSchema-instance" xsi:noNamespaceSchemaLocation="https://maven.apache.org/surefire/maven-surefire-plugin/xsd/surefire-test-report.xsd" name="com.javatechie.jwt.api.SpringSecurityJwtExampleApplicationTests" time="0.253" tests="1" errors="1" skipped="0" failures="0">
  <properties>
[...]
</properties>
  <testcase name="com.javatechie.jwt.api.SpringSecurityJwtExampleApplicationTests" classname="com.javatechie.jwt.api.SpringSecurityJwtExampleApplicationTests" time="0.252">
    <error message="Unable to find a @SpringBootConfiguration, you need to use @ContextConfiguration or @SpringBootTest(classes=...) with your test" type="java.lang.IllegalStateException">java.lang.IllegalStateException: Unable to find a @SpringBootConfiguration, you need to use @ContextConfiguration or @SpringBootTest(classes=...) with your test
</error>
    <system-out><![CDATA[15:21:55.193 [main] DEBUG org.springframework.test.context.BootstrapUtils - Instantiating CacheAwareContextLoaderDelegate from class [org.springframework.test.context.cache.DefaultCacheAwareContextLoaderDelegate]
15:21:55.207 [main] DEBUG org.springframework.test.context.BootstrapUtils - Instantiating BootstrapContext using constructor [public org.springframework.test.context.support.DefaultBootstrapContext(java.lang.Class,org.springframework.test.context.CacheAwareContextLoaderDelegate)]
15:21:55.252 [main] DEBUG org.springframework.test.context.BootstrapUtils - Instantiating TestContextBootstrapper for test class [com.javatechie.jwt.api.SpringSecurityJwtExampleApplicationTests] from class [org.springframework.boot.test.context.SpringBootTestContextBootstrapper]
15:21:55.262 [main] INFO org.springframework.boot.test.context.SpringBootTestContextBootstrapper - Neither @ContextConfiguration nor @ContextHierarchy found for test class [com.javatechie.jwt.api.SpringSecurityJwtExampleApplicationTests], using SpringBootContextLoader
15:21:55.266 [main] DEBUG org.springframework.test.context.support.AbstractContextLoader - Did not detect default resource location for test class [com.javatechie.jwt.api.SpringSecurityJwtExampleApplicationTests]: class path resource [com/javatechie/jwt/api/SpringSecurityJwtExampleApplicationTests-context.xml] does not exist
15:21:55.267 [main] DEBUG org.springframework.test.context.support.AbstractContextLoader - Did not detect default resource location for test class [com.javatechie.jwt.api.SpringSecurityJwtExampleApplicationTests]: class path resource [com/javatechie/jwt/api/SpringSecurityJwtExampleApplicationTestsContext.groovy] does not exist
15:21:55.268 [main] INFO org.springframework.test.context.support.AbstractContextLoader - Could not detect default resource locations for test class [com.javatechie.jwt.api.SpringSecurityJwtExampleApplicationTests]: no resource found for suffixes {-context.xml, Context.groovy}.
15:21:55.269 [main] INFO org.springframework.test.context.support.AnnotationConfigContextLoaderUtils - Could not detect default configuration classes for test class [com.javatechie.jwt.api.SpringSecurityJwtExampleApplicationTests]: SpringSecurityJwtExampleApplicationTests does not declare any static, non-private, non-final, nested classes annotated with @Configuration.
15:21:55.323 [main] DEBUG org.springframework.test.context.support.ActiveProfilesUtils - Could not find an 'annotation declaring class' for annotation type [org.springframework.test.context.ActiveProfiles] and class [com.javatechie.jwt.api.SpringSecurityJwtExampleApplicationTests]
]]></system-out>
  </testcase>
</testsuite>